<?xml version="1.0" encoding="UTF-8"?>
<!-- Generated by org.testng.reporters.JUnitReportReporter -->
<testsuite hostname="LAPTOP-DAV92TFV" failures="0" tests="5" name="testCases.TC03_LoginDDT" time="32.170" errors="0" timestamp="2025-01-04T12:43:48 IST" skipped="0">
  <testcase classname="testCases.TC03_LoginDDT" name="testDDTLogin" time="11.766"/>
  <testcase classname="testCases.TC03_LoginDDT" name="testDDTLogin" time="2.471"/>
  <testcase classname="testCases.TC03_LoginDDT" name="testDDTLogin" time="11.722"/>
  <testcase classname="testCases.TC03_LoginDDT" name="testDDTLogin" time="3.520"/>
  <testcase classname="testCases.TC03_LoginDDT" name="testDDTLogin" time="2.691"/>
</testsuite> <!-- testCases.TC03_LoginDDT -->
