<?xml version="1.0" encoding="UTF-8"?>
<!-- Generated by org.testng.reporters.JUnitReportReporter -->
<testsuite hostname="LAPTOP-DAV92TFV" failures="0" tests="1" name="testCases.TC02_Login" time="5.155" errors="0" timestamp="2025-01-08T20:07:41 IST" skipped="0">
  <testcase classname="testCases.TC02_Login" name="testLogin" time="5.155"/>
</testsuite> <!-- testCases.TC02_Login -->
