<?xml version="1.0" encoding="UTF-8"?>
<!-- Generated by org.testng.reporters.JUnitReportReporter -->
<testsuite hostname="LAPTOP-DAV92TFV" failures="0" tests="1" name="testCases.TC02_Login" time="2.492" errors="0" timestamp="2025-01-05T16:11:38 IST" skipped="0">
  <testcase classname="testCases.TC02_Login" name="testLogin" time="2.492"/>
</testsuite> <!-- testCases.TC02_Login -->
