<?xml version="1.0" encoding="UTF-8"?>
<!-- Generated by org.testng.reporters.JUnitReportReporter -->
<testsuite hostname="LAPTOP-DAV92TFV" failures="0" tests="1" name="testCases.TC01_Register" time="9.604" errors="0" timestamp="2025-01-09T15:19:37 IST" skipped="0">
  <testcase classname="testCases.TC01_Register" name="testRegister" time="9.604"/>
</testsuite> <!-- testCases.TC01_Register -->
