<?xml version="1.0" encoding="UTF-8"?>
<!-- Generated by org.testng.reporters.JUnitReportReporter -->
<testsuite hostname="LAPTOP-DAV92TFV" failures="0" tests="1" name="testCases.TC01_Register" time="3.917" errors="0" timestamp="2025-01-05T16:11:38 IST" skipped="0">
  <testcase classname="testCases.TC01_Register" name="testRegister" time="3.917"/>
</testsuite> <!-- testCases.TC01_Register -->
